# JRE version: OpenJDK Runtime Environment (17.0.6) (build 17.0.6+0-b2043.56-10027231)
# Java VM: OpenJDK 64-Bit Server VM (17.0.6+0-b2043.56-10027231, mixed mode, tiered, compressed oops, compressed class ptrs, g1 gc, windows-amd64)
GC Precious Log:
 CPUs: 4 total, 4 available
 Memory: 8126M
 Large Page Support: Disabled
 NUMA Support: Disabled
 Compressed Oops: Enabled (32-bit)
 Heap Region Size: 1M
 Heap Min Capacity: 8M
 Heap Initial Capacity: 128M
 Heap Max Capacity: 2G
 Pre-touch: Disabled
 Parallel Workers: 4
 Concurrent Workers: 1
 Concurrent Refinement Workers: 4
 Periodic GC: Disabled
Heap:
 garbage-first heap   total 206848K, used 142693K [0x0000000080000000, 0x0000000100000000)
  region size 1024K, 4 young (4096K), 4 survivors (4096K)
 Metaspace       used 111705K, committed 112512K, reserved 1146880K
  class space    used 14765K, committed 15168K, reserved 1048576K
GC Heap History (20 events):
Event: 29.343 GC heap after
{Heap after GC invocations=35 (full 0):
 garbage-first heap   total 146432K, used 79053K [0x0000000080000000, 0x0000000100000000)
  region size 1024K, 4 young (4096K), 4 survivors (4096K)
 Metaspace       used 94729K, committed 95360K, reserved 1138688K
  class space    used 12909K, committed 13184K, reserved 1048576K
}
Event: 29.491 GC heap before
{Heap before GC invocations=35 (full 0):
 garbage-first heap   total 146432K, used 82125K [0x0000000080000000, 0x0000000100000000)
  region size 1024K, 7 young (7168K), 4 survivors (4096K)
 Metaspace       used 95051K, committed 95680K, reserved 1138688K
  class space    used 12949K, committed 13248K, reserved 1048576K
}
Event: 29.500 GC heap after
{Heap after GC invocations=36 (full 0):
 garbage-first heap   total 146432K, used 78716K [0x0000000080000000, 0x0000000100000000)
  region size 1024K, 1 young (1024K), 1 survivors (1024K)
 Metaspace       used 95051K, committed 95680K, reserved 1138688K
  class space    used 12949K, committed 13248K, reserved 1048576K
}
Event: 30.457 GC heap before
{Heap before GC invocations=36 (full 0):
 garbage-first heap   total 146432K, used 117628K [0x0000000080000000, 0x0000000100000000)
  region size 1024K, 39 young (39936K), 1 survivors (1024K)
 Metaspace       used 97074K, committed 97664K, reserved 1138688K
  class space    used 13232K, committed 13504K, reserved 1048576K
}
Event: 30.472 GC heap after
{Heap after GC invocations=37 (full 0):
 garbage-first heap   total 206848K, used 82760K [0x0000000080000000, 0x0000000100000000)
  region size 1024K, 5 young (5120K), 5 survivors (5120K)
 Metaspace       used 97074K, committed 97664K, reserved 1138688K
  class space    used 13232K, committed 13504K, reserved 1048576K
}
Event: 32.651 GC heap before
{Heap before GC invocations=38 (full 0):
 garbage-first heap   total 206848K, used 162632K [0x0000000080000000, 0x0000000100000000)
  region size 1024K, 84 young (86016K), 5 survivors (5120K)
 Metaspace       used 98953K, committed 99584K, reserved 1138688K
  class space    used 13555K, committed 13824K, reserved 1048576K
}
Event: 32.678 GC heap after
{Heap after GC invocations=39 (full 0):
 garbage-first heap   total 206848K, used 92124K [0x0000000080000000, 0x0000000100000000)
  region size 1024K, 11 young (11264K), 11 survivors (11264K)
 Metaspace       used 98953K, committed 99584K, reserved 1138688K
  class space    used 13555K, committed 13824K, reserved 1048576K
}
Event: 32.719 GC heap before
{Heap before GC invocations=39 (full 0):
 garbage-first heap   total 206848K, used 93148K [0x0000000080000000, 0x0000000100000000)
  region size 1024K, 12 young (12288K), 11 survivors (11264K)
 Metaspace       used 98963K, committed 99584K, reserved 1138688K
  class space    used 13555K, committed 13824K, reserved 1048576K
}
Event: 32.744 GC heap after
{Heap after GC invocations=40 (full 0):
 garbage-first heap   total 206848K, used 93524K [0x0000000080000000, 0x0000000100000000)
  region size 1024K, 2 young (2048K), 2 survivors (2048K)
 Metaspace       used 98963K, committed 99584K, reserved 1138688K
  class space    used 13555K, committed 13824K, reserved 1048576K
}
Event: 35.492 GC heap before
{Heap before GC invocations=40 (full 0):
 garbage-first heap   total 206848K, used 155988K [0x0000000080000000, 0x0000000100000000)
  region size 1024K, 63 young (64512K), 2 survivors (2048K)
 Metaspace       used 102904K, committed 103616K, reserved 1138688K
  class space    used 13958K, committed 14336K, reserved 1048576K
}
Event: 35.507 GC heap after
{Heap after GC invocations=41 (full 0):
 garbage-first heap   total 206848K, used 102300K [0x0000000080000000, 0x0000000100000000)
  region size 1024K, 8 young (8192K), 8 survivors (8192K)
 Metaspace       used 102904K, committed 103616K, reserved 1138688K
  class space    used 13958K, committed 14336K, reserved 1048576K
}
Event: 38.247 GC heap before
{Heap before GC invocations=41 (full 0):
 garbage-first heap   total 206848K, used 177052K [0x0000000080000000, 0x0000000100000000)
  region size 1024K, 64 young (65536K), 8 survivors (8192K)
 Metaspace       used 107010K, committed 107712K, reserved 1146880K
  class space    used 14379K, committed 14720K, reserved 1048576K
}
Event: 38.285 GC heap after
{Heap after GC invocations=42 (full 0):
 garbage-first heap   total 206848K, used 124635K [0x0000000080000000, 0x0000000100000000)
  region size 1024K, 8 young (8192K), 8 survivors (8192K)
 Metaspace       used 107010K, committed 107712K, reserved 1146880K
  class space    used 14379K, committed 14720K, reserved 1048576K
}
Event: 39.665 GC heap before
{Heap before GC invocations=42 (full 0):
 garbage-first heap   total 206848K, used 180955K [0x0000000080000000, 0x0000000100000000)
  region size 1024K, 47 young (48128K), 8 survivors (8192K)
 Metaspace       used 107416K, committed 108160K, reserved 1146880K
  class space    used 14407K, committed 14720K, reserved 1048576K
}
Event: 39.693 GC heap after
{Heap after GC invocations=43 (full 0):
 garbage-first heap   total 206848K, used 129536K [0x0000000080000000, 0x0000000100000000)
  region size 1024K, 4 young (4096K), 4 survivors (4096K)
 Metaspace       used 107416K, committed 108160K, reserved 1146880K
  class space    used 14407K, committed 14720K, reserved 1048576K
}
Event: 40.353 GC heap before
{Heap before GC invocations=43 (full 0):
 garbage-first heap   total 206848K, used 166400K [0x0000000080000000, 0x0000000100000000)
  region size 1024K, 41 young (41984K), 4 survivors (4096K)
 Metaspace       used 109545K, committed 110336K, reserved 1146880K
  class space    used 14571K, committed 14976K, reserved 1048576K
}
Event: 40.373 GC heap after
{Heap after GC invocations=44 (full 0):
 garbage-first heap   total 206848K, used 135635K [0x0000000080000000, 0x0000000100000000)
  region size 1024K, 6 young (6144K), 6 survivors (6144K)
 Metaspace       used 109545K, committed 110336K, reserved 1146880K
  class space    used 14571K, committed 14976K, reserved 1048576K
}
Event: 41.141 GC heap before
{Heap before GC invocations=44 (full 0):
 garbage-first heap   total 206848K, used 168403K [0x0000000080000000, 0x0000000100000000)
  region size 1024K, 39 young (39936K), 6 survivors (6144K)
 Metaspace       used 111080K, committed 111936K, reserved 1146880K
  class space    used 14708K, committed 15104K, reserved 1048576K
}
Event: 41.154 GC heap after
{Heap after GC invocations=45 (full 0):
 garbage-first heap   total 206848K, used 138984K [0x0000000080000000, 0x0000000100000000)
  region size 1024K, 4 young (4096K), 4 survivors (4096K)
 Metaspace       used 111080K, committed 111936K, reserved 1146880K
  class space    used 14708K, committed 15104K, reserved 1048576K
}
Event: 41.624 GC heap before
{Heap before GC invocations=45 (full 0):
 garbage-first heap   total 206848K, used 170728K [0x0000000080000000, 0x0000000100000000)
  region size 1024K, 36 young (36864K), 4 survivors (4096K)
 Metaspace       used 111705K, committed 112512K, reserved 1146880K
  class space    used 14765K, committed 15168K, reserved 1048576K
}

