# JRE version: OpenJDK Runtime Environment (17.0.6) (build 17.0.6+0-b2043.56-10027231)
# Java VM: OpenJDK 64-Bit Server VM (17.0.6+0-b2043.56-10027231, mixed mode, tiered, compressed oops, compressed class ptrs, g1 gc, windows-amd64)
GC Precious Log:
 CPUs: 4 total, 4 available
 Memory: 8126M
 Large Page Support: Disabled
 NUMA Support: Disabled
 Compressed Oops: Enabled (32-bit)
 Heap Region Size: 1M
 Heap Min Capacity: 8M
 Heap Initial Capacity: 128M
 Heap Max Capacity: 2G
 Pre-touch: Disabled
 Parallel Workers: 4
 Concurrent Workers: 1
 Concurrent Refinement Workers: 4
 Periodic GC: Disabled
Heap:
 garbage-first heap   total 271360K, used 142862K [0x0000000080000000, 0x0000000100000000)
  region size 1024K, 5 young (5120K), 5 survivors (5120K)
 Metaspace       used 111281K, committed 112064K, reserved 1146880K
  class space    used 14721K, committed 15104K, reserved 1048576K
GC Heap History (20 events):
Event: 16.088 GC heap after
{Heap after GC invocations=26 (full 0):
 garbage-first heap   total 119808K, used 65967K [0x0000000080000000, 0x0000000100000000)
  region size 1024K, 3 young (3072K), 3 survivors (3072K)
 Metaspace       used 69243K, committed 69824K, reserved 1114112K
  class space    used 9174K, committed 9408K, reserved 1048576K
}
Event: 16.131 GC heap before
{Heap before GC invocations=26 (full 0):
 garbage-first heap   total 119808K, used 68015K [0x0000000080000000, 0x0000000100000000)
  region size 1024K, 5 young (5120K), 3 survivors (3072K)
 Metaspace       used 69421K, committed 70016K, reserved 1114112K
  class space    used 9193K, committed 9472K, reserved 1048576K
}
Event: 16.141 GC heap after
{Heap after GC invocations=27 (full 0):
 garbage-first heap   total 252928K, used 65850K [0x0000000080000000, 0x0000000100000000)
  region size 1024K, 1 young (1024K), 1 survivors (1024K)
 Metaspace       used 69421K, committed 70016K, reserved 1114112K
  class space    used 9193K, committed 9472K, reserved 1048576K
}
Event: 19.110 GC heap before
{Heap before GC invocations=27 (full 0):
 garbage-first heap   total 252928K, used 172346K [0x0000000080000000, 0x0000000100000000)
  region size 1024K, 105 young (107520K), 1 survivors (1024K)
 Metaspace       used 79466K, committed 80064K, reserved 1122304K
  class space    used 10550K, committed 10816K, reserved 1048576K
}
Event: 19.126 GC heap after
{Heap after GC invocations=28 (full 0):
 garbage-first heap   total 252928K, used 73541K [0x0000000080000000, 0x0000000100000000)
  region size 1024K, 8 young (8192K), 8 survivors (8192K)
 Metaspace       used 79466K, committed 80064K, reserved 1122304K
  class space    used 10550K, committed 10816K, reserved 1048576K
}
Event: 23.376 GC heap before
{Heap before GC invocations=28 (full 0):
 garbage-first heap   total 252928K, used 189253K [0x0000000080000000, 0x0000000100000000)
  region size 1024K, 120 young (122880K), 8 survivors (8192K)
 Metaspace       used 91563K, committed 92224K, reserved 1130496K
  class space    used 12452K, committed 12800K, reserved 1048576K
}
Event: 23.402 GC heap after
{Heap after GC invocations=29 (full 0):
 garbage-first heap   total 252928K, used 80972K [0x0000000080000000, 0x0000000100000000)
  region size 1024K, 8 young (8192K), 8 survivors (8192K)
 Metaspace       used 91563K, committed 92224K, reserved 1130496K
  class space    used 12452K, committed 12800K, reserved 1048576K
}
Event: 25.934 GC heap before
{Heap before GC invocations=29 (full 0):
 garbage-first heap   total 252928K, used 193612K [0x0000000080000000, 0x0000000100000000)
  region size 1024K, 118 young (120832K), 8 survivors (8192K)
 Metaspace       used 98553K, committed 99264K, reserved 1138688K
  class space    used 13462K, committed 13760K, reserved 1048576K
}
Event: 25.970 GC heap after
{Heap after GC invocations=30 (full 0):
 garbage-first heap   total 252928K, used 94088K [0x0000000080000000, 0x0000000100000000)
  region size 1024K, 15 young (15360K), 15 survivors (15360K)
 Metaspace       used 98553K, committed 99264K, reserved 1138688K
  class space    used 13462K, committed 13760K, reserved 1048576K
}
Event: 29.216 GC heap before
{Heap before GC invocations=30 (full 0):
 garbage-first heap   total 252928K, used 195464K [0x0000000080000000, 0x0000000100000000)
  region size 1024K, 114 young (116736K), 15 survivors (15360K)
 Metaspace       used 103081K, committed 103808K, reserved 1138688K
  class space    used 13952K, committed 14336K, reserved 1048576K
}
Event: 29.262 GC heap after
{Heap after GC invocations=31 (full 0):
 garbage-first heap   total 252928K, used 107508K [0x0000000080000000, 0x0000000100000000)
  region size 1024K, 13 young (13312K), 13 survivors (13312K)
 Metaspace       used 103081K, committed 103808K, reserved 1138688K
  class space    used 13952K, committed 14336K, reserved 1048576K
}
Event: 32.509 GC heap before
{Heap before GC invocations=31 (full 0):
 garbage-first heap   total 252928K, used 214004K [0x0000000080000000, 0x0000000100000000)
  region size 1024K, 100 young (102400K), 13 survivors (13312K)
 Metaspace       used 107399K, committed 108096K, reserved 1146880K
  class space    used 14387K, committed 14720K, reserved 1048576K
}
Event: 32.585 GC heap after
{Heap after GC invocations=32 (full 0):
 garbage-first heap   total 252928K, used 135168K [0x0000000080000000, 0x0000000100000000)
  region size 1024K, 13 young (13312K), 13 survivors (13312K)
 Metaspace       used 107399K, committed 108096K, reserved 1146880K
  class space    used 14387K, committed 14720K, reserved 1048576K
}
Event: 32.689 GC heap before
{Heap before GC invocations=32 (full 0):
 garbage-first heap   total 252928K, used 137216K [0x0000000080000000, 0x0000000100000000)
  region size 1024K, 17 young (17408K), 13 survivors (13312K)
 Metaspace       used 107403K, committed 108096K, reserved 1146880K
  class space    used 14387K, committed 14720K, reserved 1048576K
}
Event: 32.720 GC heap after
{Heap after GC invocations=33 (full 0):
 garbage-first heap   total 252928K, used 138240K [0x0000000080000000, 0x0000000100000000)
  region size 1024K, 3 young (3072K), 3 survivors (3072K)
 Metaspace       used 107403K, committed 108096K, reserved 1146880K
  class space    used 14387K, committed 14720K, reserved 1048576K
}
Event: 33.816 GC heap before
{Heap before GC invocations=34 (full 0):
 garbage-first heap   total 271360K, used 189440K [0x0000000080000000, 0x0000000100000000)
  region size 1024K, 41 young (41984K), 3 survivors (3072K)
 Metaspace       used 108817K, committed 109568K, reserved 1146880K
  class space    used 14516K, committed 14912K, reserved 1048576K
}
Event: 33.834 GC heap after
{Heap after GC invocations=35 (full 0):
 garbage-first heap   total 271360K, used 139264K [0x0000000080000000, 0x0000000100000000)
  region size 1024K, 6 young (6144K), 6 survivors (6144K)
 Metaspace       used 108817K, committed 109568K, reserved 1146880K
  class space    used 14516K, committed 14912K, reserved 1048576K
}
Event: 34.001 GC heap before
{Heap before GC invocations=35 (full 0):
 garbage-first heap   total 271360K, used 145408K [0x0000000080000000, 0x0000000100000000)
  region size 1024K, 13 young (13312K), 6 survivors (6144K)
 Metaspace       used 109644K, committed 110464K, reserved 1146880K
  class space    used 14583K, committed 14976K, reserved 1048576K
}
Event: 34.022 GC heap after
{Heap after GC invocations=36 (full 0):
 garbage-first heap   total 271360K, used 139822K [0x0000000080000000, 0x0000000100000000)
  region size 1024K, 2 young (2048K), 2 survivors (2048K)
 Metaspace       used 109644K, committed 110464K, reserved 1146880K
  class space    used 14583K, committed 14976K, reserved 1048576K
}
Event: 35.107 GC heap before
{Heap before GC invocations=36 (full 0):
 garbage-first heap   total 271360K, used 191022K [0x0000000080000000, 0x0000000100000000)
  region size 1024K, 52 young (53248K), 2 survivors (2048K)
 Metaspace       used 111281K, committed 112064K, reserved 1146880K
  class space    used 14721K, committed 15104K, reserved 1048576K
}

