# JRE version: OpenJDK Runtime Environment (17.0.6) (build 17.0.6+0-b2043.56-10027231)
# Java VM: OpenJDK 64-Bit Server VM (17.0.6+0-b2043.56-10027231, mixed mode, tiered, compressed oops, compressed class ptrs, g1 gc, windows-amd64)
GC Precious Log:
 CPUs: 4 total, 4 available
 Memory: 8126M
 Large Page Support: Disabled
 NUMA Support: Disabled
 Compressed Oops: Enabled (32-bit)
 Heap Region Size: 1M
 Heap Min Capacity: 8M
 Heap Initial Capacity: 128M
 Heap Max Capacity: 2G
 Pre-touch: Disabled
 Parallel Workers: 4
 Concurrent Workers: 1
 Concurrent Refinement Workers: 4
 Periodic GC: Disabled
Heap:
 garbage-first heap   total 208896K, used 136345K [0x0000000080000000, 0x0000000100000000)
  region size 1024K, 4 young (4096K), 4 survivors (4096K)
 Metaspace       used 111200K, committed 112000K, reserved 1146880K
  class space    used 14705K, committed 15104K, reserved 1048576K
GC Heap History (20 events):
Event: 28.263 GC heap after
{Heap after GC invocations=39 (full 0):
 garbage-first heap   total 174080K, used 93818K [0x0000000080000000, 0x0000000100000000)
  region size 1024K, 4 young (4096K), 4 survivors (4096K)
 Metaspace       used 99326K, committed 100032K, reserved 1138688K
  class space    used 13567K, committed 13888K, reserved 1048576K
}
Event: 28.384 GC heap before
{Heap before GC invocations=39 (full 0):
 garbage-first heap   total 174080K, used 96890K [0x0000000080000000, 0x0000000100000000)
  region size 1024K, 8 young (8192K), 4 survivors (4096K)
 Metaspace       used 99367K, committed 100096K, reserved 1138688K
  class space    used 13574K, committed 13952K, reserved 1048576K
}
Event: 28.394 GC heap after
{Heap after GC invocations=40 (full 0):
 garbage-first heap   total 174080K, used 93727K [0x0000000080000000, 0x0000000100000000)
  region size 1024K, 1 young (1024K), 1 survivors (1024K)
 Metaspace       used 99367K, committed 100096K, reserved 1138688K
  class space    used 13574K, committed 13952K, reserved 1048576K
}
Event: 28.724 GC heap before
{Heap before GC invocations=40 (full 0):
 garbage-first heap   total 174080K, used 95775K [0x0000000080000000, 0x0000000100000000)
  region size 1024K, 5 young (5120K), 1 survivors (1024K)
 Metaspace       used 99772K, committed 100480K, reserved 1138688K
  class space    used 13652K, committed 14016K, reserved 1048576K
}
Event: 28.728 GC heap after
{Heap after GC invocations=41 (full 0):
 garbage-first heap   total 174080K, used 93806K [0x0000000080000000, 0x0000000100000000)
  region size 1024K, 1 young (1024K), 1 survivors (1024K)
 Metaspace       used 99772K, committed 100480K, reserved 1138688K
  class space    used 13652K, committed 14016K, reserved 1048576K
}
Event: 31.328 GC heap before
{Heap before GC invocations=42 (full 0):
 garbage-first heap   total 174080K, used 151150K [0x0000000080000000, 0x0000000100000000)
  region size 1024K, 48 young (49152K), 1 survivors (1024K)
 Metaspace       used 103051K, committed 103744K, reserved 1138688K
  class space    used 13951K, committed 14336K, reserved 1048576K
}
Event: 31.355 GC heap after
{Heap after GC invocations=43 (full 0):
 garbage-first heap   total 174080K, used 110687K [0x0000000080000000, 0x0000000100000000)
  region size 1024K, 6 young (6144K), 6 survivors (6144K)
 Metaspace       used 103051K, committed 103744K, reserved 1138688K
  class space    used 13951K, committed 14336K, reserved 1048576K
}
Event: 31.412 GC heap before
{Heap before GC invocations=43 (full 0):
 garbage-first heap   total 174080K, used 111711K [0x0000000080000000, 0x0000000100000000)
  region size 1024K, 8 young (8192K), 6 survivors (6144K)
 Metaspace       used 103059K, committed 103808K, reserved 1138688K
  class space    used 13951K, committed 14336K, reserved 1048576K
}
Event: 31.430 GC heap after
{Heap after GC invocations=44 (full 0):
 garbage-first heap   total 174080K, used 111974K [0x0000000080000000, 0x0000000100000000)
  region size 1024K, 1 young (1024K), 1 survivors (1024K)
 Metaspace       used 103059K, committed 103808K, reserved 1138688K
  class space    used 13951K, committed 14336K, reserved 1048576K
}
Event: 32.154 GC heap before
{Heap before GC invocations=44 (full 0):
 garbage-first heap   total 174080K, used 135526K [0x0000000080000000, 0x0000000100000000)
  region size 1024K, 25 young (25600K), 1 survivors (1024K)
 Metaspace       used 103862K, committed 104576K, reserved 1146880K
  class space    used 14042K, committed 14400K, reserved 1048576K
}
Event: 32.168 GC heap after
{Heap after GC invocations=45 (full 0):
 garbage-first heap   total 174080K, used 119116K [0x0000000080000000, 0x0000000100000000)
  region size 1024K, 4 young (4096K), 4 survivors (4096K)
 Metaspace       used 103862K, committed 104576K, reserved 1146880K
  class space    used 14042K, committed 14400K, reserved 1048576K
}
Event: 34.895 GC heap before
{Heap before GC invocations=46 (full 0):
 garbage-first heap   total 208896K, used 146764K [0x0000000080000000, 0x0000000100000000)
  region size 1024K, 23 young (23552K), 4 survivors (4096K)
 Metaspace       used 107110K, committed 107840K, reserved 1146880K
  class space    used 14379K, committed 14720K, reserved 1048576K
}
Event: 34.910 GC heap after
{Heap after GC invocations=47 (full 0):
 garbage-first heap   total 208896K, used 123824K [0x0000000080000000, 0x0000000100000000)
  region size 1024K, 3 young (3072K), 3 survivors (3072K)
 Metaspace       used 107110K, committed 107840K, reserved 1146880K
  class space    used 14379K, committed 14720K, reserved 1048576K
}
Event: 35.865 GC heap before
{Heap before GC invocations=47 (full 0):
 garbage-first heap   total 208896K, used 129968K [0x0000000080000000, 0x0000000100000000)
  region size 1024K, 10 young (10240K), 3 survivors (3072K)
 Metaspace       used 107153K, committed 107904K, reserved 1146880K
  class space    used 14379K, committed 14720K, reserved 1048576K
}
Event: 35.894 GC heap after
{Heap after GC invocations=48 (full 0):
 garbage-first heap   total 208896K, used 124464K [0x0000000080000000, 0x0000000100000000)
  region size 1024K, 2 young (2048K), 2 survivors (2048K)
 Metaspace       used 107153K, committed 107904K, reserved 1146880K
  class space    used 14379K, committed 14720K, reserved 1048576K
}
Event: 37.538 GC heap before
{Heap before GC invocations=48 (full 0):
 garbage-first heap   total 208896K, used 178736K [0x0000000080000000, 0x0000000100000000)
  region size 1024K, 39 young (39936K), 2 survivors (2048K)
 Metaspace       used 107614K, committed 108416K, reserved 1146880K
  class space    used 14412K, committed 14784K, reserved 1048576K
}
Event: 37.550 GC heap after
{Heap after GC invocations=49 (full 0):
 garbage-first heap   total 208896K, used 127429K [0x0000000080000000, 0x0000000100000000)
  region size 1024K, 5 young (5120K), 5 survivors (5120K)
 Metaspace       used 107614K, committed 108416K, reserved 1146880K
  class space    used 14412K, committed 14784K, reserved 1048576K
}
Event: 38.756 GC heap before
{Heap before GC invocations=49 (full 0):
 garbage-first heap   total 208896K, used 165317K [0x0000000080000000, 0x0000000100000000)
  region size 1024K, 42 young (43008K), 5 survivors (5120K)
 Metaspace       used 110832K, committed 111616K, reserved 1146880K
  class space    used 14695K, committed 15104K, reserved 1048576K
}
Event: 38.778 GC heap after
{Heap after GC invocations=50 (full 0):
 garbage-first heap   total 208896K, used 133291K [0x0000000080000000, 0x0000000100000000)
  region size 1024K, 6 young (6144K), 6 survivors (6144K)
 Metaspace       used 110832K, committed 111616K, reserved 1146880K
  class space    used 14695K, committed 15104K, reserved 1048576K
}
Event: 39.793 GC heap before
{Heap before GC invocations=50 (full 0):
 garbage-first heap   total 208896K, used 167083K [0x0000000080000000, 0x0000000100000000)
  region size 1024K, 40 young (40960K), 6 survivors (6144K)
 Metaspace       used 111200K, committed 112000K, reserved 1146880K
  class space    used 14705K, committed 15104K, reserved 1048576K
}

