# JRE version: OpenJDK Runtime Environment (17.0.6) (build 17.0.6+0-b2043.56-10027231)
# Java VM: OpenJDK 64-Bit Server VM (17.0.6+0-b2043.56-10027231, mixed mode, tiered, compressed oops, compressed class ptrs, g1 gc, windows-amd64)
GC Precious Log:
 CPUs: 4 total, 4 available
 Memory: 8126M
 Large Page Support: Disabled
 NUMA Support: Disabled
 Compressed Oops: Enabled (32-bit)
 Heap Region Size: 1M
 Heap Min Capacity: 8M
 Heap Initial Capacity: 128M
 Heap Max Capacity: 2032M
 Pre-touch: Disabled
 Parallel Workers: 4
 Concurrent Workers: 1
 Concurrent Refinement Workers: 4
 Periodic GC: Disabled
Heap:
 garbage-first heap   total 131072K, used 52460K [0x0000000081000000, 0x0000000100000000)
  region size 1024K, 4 young (4096K), 4 survivors (4096K)
 Metaspace       used 65663K, committed 65920K, reserved 1114112K
  class space    used 7627K, committed 7744K, reserved 1048576K
GC Heap History (20 events):
Event: 4.304 GC heap after
{Heap after GC invocations=11 (full 0):
 garbage-first heap   total 51200K, used 21941K [0x0000000081000000, 0x0000000100000000)
  region size 1024K, 2 young (2048K), 2 survivors (2048K)
 Metaspace       used 44518K, committed 44800K, reserved 1089536K
  class space    used 5489K, committed 5632K, reserved 1048576K
}
Event: 4.950 GC heap before
{Heap before GC invocations=11 (full 0):
 garbage-first heap   total 51200K, used 40373K [0x0000000081000000, 0x0000000100000000)
  region size 1024K, 19 young (19456K), 2 survivors (2048K)
 Metaspace       used 46193K, committed 46400K, reserved 1097728K
  class space    used 5658K, committed 5760K, reserved 1048576K
}
Event: 4.965 GC heap after
{Heap after GC invocations=12 (full 0):
 garbage-first heap   total 51200K, used 27578K [0x0000000081000000, 0x0000000100000000)
  region size 1024K, 3 young (3072K), 3 survivors (3072K)
 Metaspace       used 46193K, committed 46400K, reserved 1097728K
  class space    used 5658K, committed 5760K, reserved 1048576K
}
Event: 5.136 GC heap before
{Heap before GC invocations=13 (full 0):
 garbage-first heap   total 53248K, used 39866K [0x0000000081000000, 0x0000000100000000)
  region size 1024K, 15 young (15360K), 3 survivors (3072K)
 Metaspace       used 46246K, committed 46464K, reserved 1097728K
  class space    used 5658K, committed 5760K, reserved 1048576K
}
Event: 5.150 GC heap after
{Heap after GC invocations=14 (full 0):
 garbage-first heap   total 53248K, used 31206K [0x0000000081000000, 0x0000000100000000)
  region size 1024K, 2 young (2048K), 2 survivors (2048K)
 Metaspace       used 46246K, committed 46464K, reserved 1097728K
  class space    used 5658K, committed 5760K, reserved 1048576K
}
Event: 5.204 GC heap before
{Heap before GC invocations=14 (full 0):
 garbage-first heap   total 53248K, used 40422K [0x0000000081000000, 0x0000000100000000)
  region size 1024K, 11 young (11264K), 2 survivors (2048K)
 Metaspace       used 46261K, committed 46464K, reserved 1097728K
  class space    used 5658K, committed 5760K, reserved 1048576K
}
Event: 5.215 GC heap after
{Heap after GC invocations=15 (full 0):
 garbage-first heap   total 53248K, used 33337K [0x0000000081000000, 0x0000000100000000)
  region size 1024K, 2 young (2048K), 2 survivors (2048K)
 Metaspace       used 46261K, committed 46464K, reserved 1097728K
  class space    used 5658K, committed 5760K, reserved 1048576K
}
Event: 5.523 GC heap before
{Heap before GC invocations=16 (full 0):
 garbage-first heap   total 60416K, used 39481K [0x0000000081000000, 0x0000000100000000)
  region size 1024K, 9 young (9216K), 2 survivors (2048K)
 Metaspace       used 47354K, committed 47616K, reserved 1097728K
  class space    used 5792K, committed 5888K, reserved 1048576K
}
Event: 5.530 GC heap after
{Heap after GC invocations=17 (full 0):
 garbage-first heap   total 60416K, used 33832K [0x0000000081000000, 0x0000000100000000)
  region size 1024K, 2 young (2048K), 2 survivors (2048K)
 Metaspace       used 47354K, committed 47616K, reserved 1097728K
  class space    used 5792K, committed 5888K, reserved 1048576K
}
Event: 5.563 GC heap before
{Heap before GC invocations=17 (full 0):
 garbage-first heap   total 60416K, used 33832K [0x0000000081000000, 0x0000000100000000)
  region size 1024K, 3 young (3072K), 2 survivors (2048K)
 Metaspace       used 47553K, committed 47808K, reserved 1097728K
  class space    used 5825K, committed 5952K, reserved 1048576K
}
Event: 5.568 GC heap after
{Heap after GC invocations=18 (full 0):
 garbage-first heap   total 96256K, used 32718K [0x0000000081000000, 0x0000000100000000)
  region size 1024K, 1 young (1024K), 1 survivors (1024K)
 Metaspace       used 47553K, committed 47808K, reserved 1097728K
  class space    used 5825K, committed 5952K, reserved 1048576K
}
Event: 7.352 GC heap before
{Heap before GC invocations=18 (full 0):
 garbage-first heap   total 96256K, used 69582K [0x0000000081000000, 0x0000000100000000)
  region size 1024K, 37 young (37888K), 1 survivors (1024K)
 Metaspace       used 49879K, committed 50112K, reserved 1097728K
  class space    used 5981K, committed 6080K, reserved 1048576K
}
Event: 7.369 GC heap after
{Heap after GC invocations=19 (full 0):
 garbage-first heap   total 96256K, used 39015K [0x0000000081000000, 0x0000000100000000)
  region size 1024K, 5 young (5120K), 5 survivors (5120K)
 Metaspace       used 49879K, committed 50112K, reserved 1097728K
  class space    used 5981K, committed 6080K, reserved 1048576K
}
Event: 8.112 GC heap before
{Heap before GC invocations=19 (full 0):
 garbage-first heap   total 96256K, used 68711K [0x0000000081000000, 0x0000000100000000)
  region size 1024K, 34 young (34816K), 5 survivors (5120K)
 Metaspace       used 52867K, committed 53056K, reserved 1097728K
  class space    used 6318K, committed 6400K, reserved 1048576K
}
Event: 8.136 GC heap after
{Heap after GC invocations=20 (full 0):
 garbage-first heap   total 96256K, used 42585K [0x0000000081000000, 0x0000000100000000)
  region size 1024K, 4 young (4096K), 4 survivors (4096K)
 Metaspace       used 52867K, committed 53056K, reserved 1097728K
  class space    used 6318K, committed 6400K, reserved 1048576K
}
Event: 9.009 GC heap before
{Heap before GC invocations=20 (full 0):
 garbage-first heap   total 96256K, used 71257K [0x0000000081000000, 0x0000000100000000)
  region size 1024K, 32 young (32768K), 4 survivors (4096K)
 Metaspace       used 57761K, committed 57984K, reserved 1105920K
  class space    used 6831K, committed 6912K, reserved 1048576K
}
Event: 9.022 GC heap after
{Heap after GC invocations=21 (full 0):
 garbage-first heap   total 96256K, used 46152K [0x0000000081000000, 0x0000000100000000)
  region size 1024K, 4 young (4096K), 4 survivors (4096K)
 Metaspace       used 57761K, committed 57984K, reserved 1105920K
  class space    used 6831K, committed 6912K, reserved 1048576K
}
Event: 9.944 GC heap before
{Heap before GC invocations=21 (full 0):
 garbage-first heap   total 96256K, used 73800K [0x0000000081000000, 0x0000000100000000)
  region size 1024K, 31 young (31744K), 4 survivors (4096K)
 Metaspace       used 62810K, committed 63040K, reserved 1105920K
  class space    used 7353K, committed 7424K, reserved 1048576K
}
Event: 9.961 GC heap after
{Heap after GC invocations=22 (full 0):
 garbage-first heap   total 96256K, used 48015K [0x0000000081000000, 0x0000000100000000)
  region size 1024K, 2 young (2048K), 2 survivors (2048K)
 Metaspace       used 62810K, committed 63040K, reserved 1105920K
  class space    used 7353K, committed 7424K, reserved 1048576K
}
Event: 10.714 GC heap before
{Heap before GC invocations=22 (full 0):
 garbage-first heap   total 96256K, used 75663K [0x0000000081000000, 0x0000000100000000)
  region size 1024K, 29 young (29696K), 2 survivors (2048K)
 Metaspace       used 65663K, committed 65920K, reserved 1114112K
  class space    used 7627K, committed 7744K, reserved 1048576K
}

