# JRE version: OpenJDK Runtime Environment (17.0.6) (build 17.0.6+0-b2043.56-10027231)
# Java VM: OpenJDK 64-Bit Server VM (17.0.6+0-b2043.56-10027231, mixed mode, tiered, compressed oops, compressed class ptrs, g1 gc, windows-amd64)
GC Precious Log:
 CPUs: 4 total, 4 available
 Memory: 8126M
 Large Page Support: Disabled
 NUMA Support: Disabled
 Compressed Oops: Enabled (32-bit)
 Heap Region Size: 1M
 Heap Min Capacity: 8M
 Heap Initial Capacity: 128M
 Heap Max Capacity: 2G
 Pre-touch: Disabled
 Parallel Workers: 4
 Concurrent Workers: 1
 Concurrent Refinement Workers: 4
 Periodic GC: Disabled
Heap:
 garbage-first heap   total 285696K, used 206848K [0x0000000080000000, 0x0000000100000000)
  region size 1024K, 10 young (10240K), 7 survivors (7168K)
 Metaspace       used 117487K, committed 118464K, reserved 1155072K
  class space    used 15555K, committed 16064K, reserved 1048576K
GC Heap History (20 events):
Event: 3081.090 GC heap before
{Heap before GC invocations=67 (full 0):
 garbage-first heap   total 237568K, used 186683K [0x0000000080000000, 0x0000000100000000)
  region size 1024K, 54 young (55296K), 1 survivors (1024K)
 Metaspace       used 111392K, committed 112064K, reserved 1146880K
  class space    used 14799K, committed 15168K, reserved 1048576K
}
Event: 3081.094 GC heap after
{Heap after GC invocations=68 (full 0):
 garbage-first heap   total 237568K, used 134297K [0x0000000080000000, 0x0000000100000000)
  region size 1024K, 2 young (2048K), 2 survivors (2048K)
 Metaspace       used 111392K, committed 112064K, reserved 1146880K
  class space    used 14799K, committed 15168K, reserved 1048576K
}
Event: 3276.005 GC heap before
{Heap before GC invocations=68 (full 0):
 garbage-first heap   total 237568K, used 190617K [0x0000000080000000, 0x0000000100000000)
  region size 1024K, 58 young (59392K), 2 survivors (2048K)
 Metaspace       used 115965K, committed 116800K, reserved 1155072K
  class space    used 15472K, committed 15872K, reserved 1048576K
}
Event: 3276.018 GC heap after
{Heap after GC invocations=69 (full 0):
 garbage-first heap   total 237568K, used 138712K [0x0000000080000000, 0x0000000100000000)
  region size 1024K, 7 young (7168K), 7 survivors (7168K)
 Metaspace       used 115965K, committed 116800K, reserved 1155072K
  class space    used 15472K, committed 15872K, reserved 1048576K
}
Event: 3278.141 GC heap before
{Heap before GC invocations=69 (full 0):
 garbage-first heap   total 237568K, used 191960K [0x0000000080000000, 0x0000000100000000)
  region size 1024K, 60 young (61440K), 7 survivors (7168K)
 Metaspace       used 116377K, committed 117248K, reserved 1155072K
  class space    used 15494K, committed 15936K, reserved 1048576K
}
Event: 3278.181 GC heap after
{Heap after GC invocations=70 (full 0):
 garbage-first heap   total 237568K, used 145755K [0x0000000080000000, 0x0000000100000000)
  region size 1024K, 7 young (7168K), 7 survivors (7168K)
 Metaspace       used 116377K, committed 117248K, reserved 1155072K
  class space    used 15494K, committed 15936K, reserved 1048576K
}
Event: 3376.734 GC heap before
{Heap before GC invocations=70 (full 0):
 garbage-first heap   total 237568K, used 193883K [0x0000000080000000, 0x0000000100000000)
  region size 1024K, 55 young (56320K), 7 survivors (7168K)
 Metaspace       used 116633K, committed 117504K, reserved 1155072K
  class space    used 15512K, committed 15936K, reserved 1048576K
}
Event: 3376.758 GC heap after
{Heap after GC invocations=71 (full 0):
 garbage-first heap   total 285696K, used 148059K [0x0000000080000000, 0x0000000100000000)
  region size 1024K, 3 young (3072K), 3 survivors (3072K)
 Metaspace       used 116633K, committed 117504K, reserved 1155072K
  class space    used 15512K, committed 15936K, reserved 1048576K
}
Event: 3379.137 GC heap before
{Heap before GC invocations=71 (full 0):
 garbage-first heap   total 285696K, used 234075K [0x0000000080000000, 0x0000000100000000)
  region size 1024K, 86 young (88064K), 3 survivors (3072K)
 Metaspace       used 116842K, committed 117760K, reserved 1155072K
  class space    used 15524K, committed 16000K, reserved 1048576K
}
Event: 3379.194 GC heap after
{Heap after GC invocations=72 (full 0):
 garbage-first heap   total 285696K, used 170848K [0x0000000080000000, 0x0000000100000000)
  region size 1024K, 11 young (11264K), 11 survivors (11264K)
 Metaspace       used 116842K, committed 117760K, reserved 1155072K
  class space    used 15524K, committed 16000K, reserved 1048576K
}
Event: 3382.122 GC heap before
{Heap before GC invocations=72 (full 0):
 garbage-first heap   total 285696K, used 241504K [0x0000000080000000, 0x0000000100000000)
  region size 1024K, 64 young (65536K), 11 survivors (11264K)
 Metaspace       used 117056K, committed 118016K, reserved 1155072K
  class space    used 15540K, committed 16000K, reserved 1048576K
}
Event: 3382.164 GC heap after
{Heap after GC invocations=73 (full 0):
 garbage-first heap   total 285696K, used 180736K [0x0000000080000000, 0x0000000100000000)
  region size 1024K, 8 young (8192K), 8 survivors (8192K)
 Metaspace       used 117056K, committed 118016K, reserved 1155072K
  class space    used 15540K, committed 16000K, reserved 1048576K
}
Event: 3382.463 GC heap before
{Heap before GC invocations=73 (full 0):
 garbage-first heap   total 285696K, used 226816K [0x0000000080000000, 0x0000000100000000)
  region size 1024K, 54 young (55296K), 8 survivors (8192K)
 Metaspace       used 117103K, committed 118080K, reserved 1155072K
  class space    used 15540K, committed 16000K, reserved 1048576K
}
Event: 3382.483 GC heap after
{Heap after GC invocations=74 (full 0):
 garbage-first heap   total 285696K, used 182070K [0x0000000080000000, 0x0000000100000000)
  region size 1024K, 2 young (2048K), 2 survivors (2048K)
 Metaspace       used 117103K, committed 118080K, reserved 1155072K
  class space    used 15540K, committed 16000K, reserved 1048576K
}
Event: 3419.997 GC heap before
{Heap before GC invocations=74 (full 0):
 garbage-first heap   total 285696K, used 231222K [0x0000000080000000, 0x0000000100000000)
  region size 1024K, 51 young (52224K), 2 survivors (2048K)
 Metaspace       used 117204K, committed 118144K, reserved 1155072K
  class space    used 15542K, committed 16000K, reserved 1048576K
}
Event: 3420.006 GC heap after
{Heap after GC invocations=75 (full 0):
 garbage-first heap   total 285696K, used 181215K [0x0000000080000000, 0x0000000100000000)
  region size 1024K, 1 young (1024K), 1 survivors (1024K)
 Metaspace       used 117204K, committed 118144K, reserved 1155072K
  class space    used 15542K, committed 16000K, reserved 1048576K
}
Event: 3421.754 GC heap before
{Heap before GC invocations=75 (full 0):
 garbage-first heap   total 285696K, used 235487K [0x0000000080000000, 0x0000000100000000)
  region size 1024K, 55 young (56320K), 1 survivors (1024K)
 Metaspace       used 117428K, committed 118400K, reserved 1155072K
  class space    used 15554K, committed 16064K, reserved 1048576K
}
Event: 3421.771 GC heap after
{Heap after GC invocations=76 (full 0):
 garbage-first heap   total 285696K, used 187682K [0x0000000080000000, 0x0000000100000000)
  region size 1024K, 7 young (7168K), 7 survivors (7168K)
 Metaspace       used 117428K, committed 118400K, reserved 1155072K
  class space    used 15554K, committed 16064K, reserved 1048576K
}
Event: 3422.453 GC heap before
{Heap before GC invocations=76 (full 0):
 garbage-first heap   total 285696K, used 235810K [0x0000000080000000, 0x0000000100000000)
  region size 1024K, 53 young (54272K), 7 survivors (7168K)
 Metaspace       used 117477K, committed 118464K, reserved 1155072K
  class space    used 15555K, committed 16064K, reserved 1048576K
}
Event: 3422.502 GC heap after
{Heap after GC invocations=77 (full 0):
 garbage-first heap   total 285696K, used 210944K [0x0000000080000000, 0x0000000100000000)
  region size 1024K, 7 young (7168K), 7 survivors (7168K)
 Metaspace       used 117477K, committed 118464K, reserved 1155072K
  class space    used 15555K, committed 16064K, reserved 1048576K
}

