# JRE version: OpenJDK Runtime Environment (17.0.6) (build 17.0.6+0-b2043.56-10027231)
# Java VM: OpenJDK 64-Bit Server VM (17.0.6+0-b2043.56-10027231, mixed mode, tiered, compressed oops, compressed class ptrs, g1 gc, windows-amd64)
GC Precious Log:
 CPUs: 4 total, 4 available
 Memory: 8126M
 Large Page Support: Disabled
 NUMA Support: Disabled
 Compressed Oops: Enabled (32-bit)
 Heap Region Size: 1M
 Heap Min Capacity: 8M
 Heap Initial Capacity: 128M
 Heap Max Capacity: 2G
 Pre-touch: Disabled
 Parallel Workers: 4
 Concurrent Workers: 1
 Concurrent Refinement Workers: 4
 Periodic GC: Disabled
Heap:
 garbage-first heap   total 296960K, used 199168K [0x0000000080000000, 0x0000000100000000)
  region size 1024K, 82 young (83968K), 14 survivors (14336K)
 Metaspace       used 111721K, committed 112512K, reserved 1146880K
  class space    used 14763K, committed 15168K, reserved 1048576K
GC Heap History (20 events):
Event: 17.588 GC heap before
{Heap before GC invocations=27 (full 0):
 garbage-first heap   total 128000K, used 98275K [0x0000000080000000, 0x0000000100000000)
  region size 1024K, 37 young (37888K), 5 survivors (5120K)
 Metaspace       used 79092K, committed 79680K, reserved 1122304K
  class space    used 10531K, committed 10816K, reserved 1048576K
}
Event: 17.604 GC heap after
{Heap after GC invocations=28 (full 0):
 garbage-first heap   total 153600K, used 67929K [0x0000000080000000, 0x0000000100000000)
  region size 1024K, 5 young (5120K), 5 survivors (5120K)
 Metaspace       used 79092K, committed 79680K, reserved 1122304K
  class space    used 10531K, committed 10816K, reserved 1048576K
}
Event: 18.935 GC heap before
{Heap before GC invocations=29 (full 0):
 garbage-first heap   total 153600K, used 115033K [0x0000000080000000, 0x0000000100000000)
  region size 1024K, 51 young (52224K), 5 survivors (5120K)
 Metaspace       used 82681K, committed 83328K, reserved 1122304K
  class space    used 11056K, committed 11328K, reserved 1048576K
}
Event: 18.950 GC heap after
{Heap after GC invocations=30 (full 0):
 garbage-first heap   total 153600K, used 70918K [0x0000000080000000, 0x0000000100000000)
  region size 1024K, 6 young (6144K), 6 survivors (6144K)
 Metaspace       used 82681K, committed 83328K, reserved 1122304K
  class space    used 11056K, committed 11328K, reserved 1048576K
}
Event: 18.974 GC heap before
{Heap before GC invocations=30 (full 0):
 garbage-first heap   total 153600K, used 70918K [0x0000000080000000, 0x0000000100000000)
  region size 1024K, 7 young (7168K), 6 survivors (6144K)
 Metaspace       used 82817K, committed 83392K, reserved 1122304K
  class space    used 11083K, committed 11328K, reserved 1048576K
}
Event: 18.984 GC heap after
{Heap after GC invocations=31 (full 0):
 garbage-first heap   total 153600K, used 71652K [0x0000000080000000, 0x0000000100000000)
  region size 1024K, 1 young (1024K), 1 survivors (1024K)
 Metaspace       used 82817K, committed 83392K, reserved 1122304K
  class space    used 11083K, committed 11328K, reserved 1048576K
}
Event: 20.213 GC heap before
{Heap before GC invocations=31 (full 0):
 garbage-first heap   total 153600K, used 117732K [0x0000000080000000, 0x0000000100000000)
  region size 1024K, 46 young (47104K), 1 survivors (1024K)
 Metaspace       used 87866K, committed 88448K, reserved 1130496K
  class space    used 11943K, committed 12224K, reserved 1048576K
}
Event: 20.221 GC heap after
{Heap after GC invocations=32 (full 0):
 garbage-first heap   total 153600K, used 73858K [0x0000000080000000, 0x0000000100000000)
  region size 1024K, 4 young (4096K), 4 survivors (4096K)
 Metaspace       used 87866K, committed 88448K, reserved 1130496K
  class space    used 11943K, committed 12224K, reserved 1048576K
}
Event: 21.564 GC heap before
{Heap before GC invocations=33 (full 0):
 garbage-first heap   total 153600K, used 119938K [0x0000000080000000, 0x0000000100000000)
  region size 1024K, 49 young (50176K), 4 survivors (4096K)
 Metaspace       used 92752K, committed 93376K, reserved 1130496K
  class space    used 12685K, committed 12992K, reserved 1048576K
}
Event: 21.580 GC heap after
{Heap after GC invocations=34 (full 0):
 garbage-first heap   total 153600K, used 77171K [0x0000000080000000, 0x0000000100000000)
  region size 1024K, 7 young (7168K), 7 survivors (7168K)
 Metaspace       used 92752K, committed 93376K, reserved 1130496K
  class space    used 12685K, committed 12992K, reserved 1048576K
}
Event: 21.610 GC heap before
{Heap before GC invocations=34 (full 0):
 garbage-first heap   total 153600K, used 77171K [0x0000000080000000, 0x0000000100000000)
  region size 1024K, 8 young (8192K), 7 survivors (7168K)
 Metaspace       used 92891K, committed 93568K, reserved 1130496K
  class space    used 12705K, committed 13056K, reserved 1048576K
}
Event: 21.623 GC heap after
{Heap after GC invocations=35 (full 0):
 garbage-first heap   total 153600K, used 77364K [0x0000000080000000, 0x0000000100000000)
  region size 1024K, 1 young (1024K), 1 survivors (1024K)
 Metaspace       used 92891K, committed 93568K, reserved 1130496K
  class space    used 12705K, committed 13056K, reserved 1048576K
}
Event: 22.721 GC heap before
{Heap before GC invocations=35 (full 0):
 garbage-first heap   total 153600K, used 123444K [0x0000000080000000, 0x0000000100000000)
  region size 1024K, 46 young (47104K), 1 survivors (1024K)
 Metaspace       used 97040K, committed 97600K, reserved 1138688K
  class space    used 13224K, committed 13504K, reserved 1048576K
}
Event: 22.741 GC heap after
{Heap after GC invocations=36 (full 0):
 garbage-first heap   total 334848K, used 81245K [0x0000000080000000, 0x0000000100000000)
  region size 1024K, 5 young (5120K), 5 survivors (5120K)
 Metaspace       used 97040K, committed 97600K, reserved 1138688K
  class space    used 13224K, committed 13504K, reserved 1048576K
}
Event: 29.496 GC heap before
{Heap before GC invocations=37 (full 0):
 garbage-first heap   total 296960K, used 259421K [0x0000000080000000, 0x0000000100000000)
  region size 1024K, 170 young (174080K), 5 survivors (5120K)
 Metaspace       used 103184K, committed 103872K, reserved 1138688K
  class space    used 13986K, committed 14336K, reserved 1048576K
}
Event: 29.569 GC heap after
{Heap after GC invocations=38 (full 0):
 garbage-first heap   total 296960K, used 109474K [0x0000000080000000, 0x0000000100000000)
  region size 1024K, 22 young (22528K), 22 survivors (22528K)
 Metaspace       used 103184K, committed 103872K, reserved 1138688K
  class space    used 13986K, committed 14336K, reserved 1048576K
}
Event: 29.627 GC heap before
{Heap before GC invocations=38 (full 0):
 garbage-first heap   total 296960K, used 110498K [0x0000000080000000, 0x0000000100000000)
  region size 1024K, 23 young (23552K), 22 survivors (22528K)
 Metaspace       used 103184K, committed 103872K, reserved 1138688K
  class space    used 13986K, committed 14336K, reserved 1048576K
}
Event: 29.668 GC heap after
{Heap after GC invocations=39 (full 0):
 garbage-first heap   total 296960K, used 112266K [0x0000000080000000, 0x0000000100000000)
  region size 1024K, 2 young (2048K), 2 survivors (2048K)
 Metaspace       used 103184K, committed 103872K, reserved 1138688K
  class space    used 13986K, committed 14336K, reserved 1048576K
}
Event: 34.399 GC heap before
{Heap before GC invocations=39 (full 0):
 garbage-first heap   total 296960K, used 248458K [0x0000000080000000, 0x0000000100000000)
  region size 1024K, 110 young (112640K), 2 survivors (2048K)
 Metaspace       used 107708K, committed 108416K, reserved 1146880K
  class space    used 14435K, committed 14784K, reserved 1048576K
}
Event: 34.430 GC heap after
{Heap after GC invocations=40 (full 0):
 garbage-first heap   total 296960K, used 131584K [0x0000000080000000, 0x0000000100000000)
  region size 1024K, 14 young (14336K), 14 survivors (14336K)
 Metaspace       used 107708K, committed 108416K, reserved 1146880K
  class space    used 14435K, committed 14784K, reserved 1048576K
}

