# JRE version: OpenJDK Runtime Environment (17.0.6) (build 17.0.6+0-b2043.56-10027231)
# Java VM: OpenJDK 64-Bit Server VM (17.0.6+0-b2043.56-10027231, mixed mode, tiered, compressed oops, compressed class ptrs, g1 gc, windows-amd64)
GC Precious Log:
 CPUs: 4 total, 4 available
 Memory: 8126M
 Large Page Support: Disabled
 NUMA Support: Disabled
 Compressed Oops: Enabled (32-bit)
 Heap Region Size: 1M
 Heap Min Capacity: 8M
 Heap Initial Capacity: 128M
 Heap Max Capacity: 2G
 Pre-touch: Disabled
 Parallel Workers: 4
 Concurrent Workers: 1
 Concurrent Refinement Workers: 4
 Periodic GC: Disabled
Heap:
 garbage-first heap   total 271360K, used 146569K [0x0000000080000000, 0x0000000100000000)
  region size 1024K, 4 young (4096K), 4 survivors (4096K)
 Metaspace       used 112123K, committed 112960K, reserved 1155072K
  class space    used 14807K, committed 15232K, reserved 1048576K
GC Heap History (20 events):
Event: 16.203 GC heap after
{Heap after GC invocations=28 (full 0):
 garbage-first heap   total 125952K, used 63756K [0x0000000080000000, 0x0000000100000000)
  region size 1024K, 3 young (3072K), 3 survivors (3072K)
 Metaspace       used 74800K, committed 75392K, reserved 1114112K
  class space    used 9956K, committed 10240K, reserved 1048576K
}
Event: 17.111 GC heap before
{Heap before GC invocations=29 (full 0):
 garbage-first heap   total 125952K, used 100620K [0x0000000080000000, 0x0000000100000000)
  region size 1024K, 39 young (39936K), 3 survivors (3072K)
 Metaspace       used 78783K, committed 79360K, reserved 1122304K
  class space    used 10488K, committed 10752K, reserved 1048576K
}
Event: 17.121 GC heap after
{Heap after GC invocations=30 (full 0):
 garbage-first heap   total 125952K, used 66713K [0x0000000080000000, 0x0000000100000000)
  region size 1024K, 5 young (5120K), 5 survivors (5120K)
 Metaspace       used 78783K, committed 79360K, reserved 1122304K
  class space    used 10488K, committed 10752K, reserved 1048576K
}
Event: 17.982 GC heap before
{Heap before GC invocations=30 (full 0):
 garbage-first heap   total 125952K, used 100505K [0x0000000080000000, 0x0000000100000000)
  region size 1024K, 39 young (39936K), 5 survivors (5120K)
 Metaspace       used 81060K, committed 81664K, reserved 1122304K
  class space    used 10790K, committed 11072K, reserved 1048576K
}
Event: 18.000 GC heap after
{Heap after GC invocations=31 (full 0):
 garbage-first heap   total 248832K, used 69451K [0x0000000080000000, 0x0000000100000000)
  region size 1024K, 3 young (3072K), 3 survivors (3072K)
 Metaspace       used 81060K, committed 81664K, reserved 1122304K
  class space    used 10790K, committed 11072K, reserved 1048576K
}
Event: 21.239 GC heap before
{Heap before GC invocations=32 (full 0):
 garbage-first heap   total 248832K, used 183115K [0x0000000080000000, 0x0000000100000000)
  region size 1024K, 113 young (115712K), 3 survivors (3072K)
 Metaspace       used 94209K, committed 94784K, reserved 1130496K
  class space    used 12859K, committed 13120K, reserved 1048576K
}
Event: 21.259 GC heap after
{Heap after GC invocations=33 (full 0):
 garbage-first heap   total 248832K, used 76529K [0x0000000080000000, 0x0000000100000000)
  region size 1024K, 10 young (10240K), 10 survivors (10240K)
 Metaspace       used 94209K, committed 94784K, reserved 1130496K
  class space    used 12859K, committed 13120K, reserved 1048576K
}
Event: 23.626 GC heap before
{Heap before GC invocations=33 (full 0):
 garbage-first heap   total 248832K, used 190193K [0x0000000080000000, 0x0000000100000000)
  region size 1024K, 121 young (123904K), 10 survivors (10240K)
 Metaspace       used 98859K, committed 99520K, reserved 1138688K
  class space    used 13541K, committed 13824K, reserved 1048576K
}
Event: 23.673 GC heap after
{Heap after GC invocations=34 (full 0):
 garbage-first heap   total 248832K, used 89580K [0x0000000080000000, 0x0000000100000000)
  region size 1024K, 16 young (16384K), 16 survivors (16384K)
 Metaspace       used 98859K, committed 99520K, reserved 1138688K
  class space    used 13541K, committed 13824K, reserved 1048576K
}
Event: 27.201 GC heap before
{Heap before GC invocations=34 (full 0):
 garbage-first heap   total 248832K, used 200172K [0x0000000080000000, 0x0000000100000000)
  region size 1024K, 115 young (117760K), 16 survivors (16384K)
 Metaspace       used 102985K, committed 103680K, reserved 1138688K
  class space    used 13946K, committed 14272K, reserved 1048576K
}
Event: 27.270 GC heap after
{Heap after GC invocations=35 (full 0):
 garbage-first heap   total 248832K, used 112400K [0x0000000080000000, 0x0000000100000000)
  region size 1024K, 15 young (15360K), 15 survivors (15360K)
 Metaspace       used 102985K, committed 103680K, reserved 1138688K
  class space    used 13946K, committed 14272K, reserved 1048576K
}
Event: 30.276 GC heap before
{Heap before GC invocations=35 (full 0):
 garbage-first heap   total 248832K, used 196368K [0x0000000080000000, 0x0000000100000000)
  region size 1024K, 89 young (91136K), 15 survivors (15360K)
 Metaspace       used 107243K, committed 107968K, reserved 1146880K
  class space    used 14383K, committed 14720K, reserved 1048576K
}
Event: 30.344 GC heap after
{Heap after GC invocations=36 (full 0):
 garbage-first heap   total 248832K, used 131584K [0x0000000080000000, 0x0000000100000000)
  region size 1024K, 12 young (12288K), 12 survivors (12288K)
 Metaspace       used 107243K, committed 107968K, reserved 1146880K
  class space    used 14383K, committed 14720K, reserved 1048576K
}
Event: 30.362 GC heap before
{Heap before GC invocations=36 (full 0):
 garbage-first heap   total 248832K, used 131584K [0x0000000080000000, 0x0000000100000000)
  region size 1024K, 14 young (14336K), 12 survivors (12288K)
 Metaspace       used 107243K, committed 107968K, reserved 1146880K
  class space    used 14383K, committed 14720K, reserved 1048576K
}
Event: 30.412 GC heap after
{Heap after GC invocations=37 (full 0):
 garbage-first heap   total 248832K, used 133120K [0x0000000080000000, 0x0000000100000000)
  region size 1024K, 1 young (1024K), 1 survivors (1024K)
 Metaspace       used 107243K, committed 107968K, reserved 1146880K
  class space    used 14383K, committed 14720K, reserved 1048576K
}
Event: 32.086 GC heap before
{Heap before GC invocations=38 (full 0):
 garbage-first heap   total 271360K, used 211968K [0x0000000080000000, 0x0000000100000000)
  region size 1024K, 63 young (64512K), 1 survivors (1024K)
 Metaspace       used 111020K, committed 111808K, reserved 1146880K
  class space    used 14699K, committed 15104K, reserved 1048576K
}
Event: 32.101 GC heap after
{Heap after GC invocations=39 (full 0):
 garbage-first heap   total 271360K, used 143213K [0x0000000080000000, 0x0000000100000000)
  region size 1024K, 8 young (8192K), 8 survivors (8192K)
 Metaspace       used 111020K, committed 111808K, reserved 1146880K
  class space    used 14699K, committed 15104K, reserved 1048576K
}
Event: 32.181 GC heap before
{Heap before GC invocations=39 (full 0):
 garbage-first heap   total 271360K, used 148333K [0x0000000080000000, 0x0000000100000000)
  region size 1024K, 13 young (13312K), 8 survivors (8192K)
 Metaspace       used 111027K, committed 111808K, reserved 1146880K
  class space    used 14699K, committed 15104K, reserved 1048576K
}
Event: 32.193 GC heap after
{Heap after GC invocations=40 (full 0):
 garbage-first heap   total 271360K, used 143840K [0x0000000080000000, 0x0000000100000000)
  region size 1024K, 2 young (2048K), 2 survivors (2048K)
 Metaspace       used 111027K, committed 111808K, reserved 1146880K
  class space    used 14699K, committed 15104K, reserved 1048576K
}
Event: 33.126 GC heap before
{Heap before GC invocations=40 (full 0):
 garbage-first heap   total 271360K, used 213472K [0x0000000080000000, 0x0000000100000000)
  region size 1024K, 70 young (71680K), 2 survivors (2048K)
 Metaspace       used 112123K, committed 112960K, reserved 1155072K
  class space    used 14807K, committed 15232K, reserved 1048576K
}

